<?xml version="1.0" encoding="UTF-8"?>
<!-- Generated by org.testng.reporters.JUnitReportReporter -->
<testsuite skipped="0" hostname="WorkSpace-Tangentia" name="org.api.RestAssuredPractice" tests="1" failures="0" timestamp="31 Jul 2022 19:21:03 GMT" time="2.244" errors="0">
  <testcase name="postRequest" time="2.244" classname="org.api.RestAssuredPractice"/>
</testsuite> <!-- org.api.RestAssuredPractice -->
